<?xml version="1.0" encoding="UTF-8"?>
<!-- Generated by org.testng.reporters.JUnitReportReporter -->
<testsuite hostname="HB11536" failures="0" tests="12" name="script.Swaglabs" time="49.670" errors="0" timestamp="2022-03-31T11:57:19 EDT" skipped="0">
  <testcase classname="script.Swaglabs" name="LoginWithWrongData" time="3.289"/>
  <system-out/>
  <testcase classname="script.Swaglabs" name="LoginWithRightData" time="2.360"/>
  <system-out/>
  <testcase classname="script.Swaglabs" name="dropdown" time="4.097"/>
  <system-out/>
  <testcase classname="script.Swaglabs" name="addtocart" time="14.676"/>
  <system-out/>
  <testcase classname="script.Swaglabs" name="cart" time="1.099"/>
  <system-out/>
  <testcase classname="script.Swaglabs" name="removefromcart" time="8.238"/>
  <system-out/>
  <testcase classname="script.Swaglabs" name="continueshopping" time="4.174"/>
  <system-out/>
  <testcase classname="script.Swaglabs" name="checkout" time="2.076"/>
  <system-out/>
  <testcase classname="script.Swaglabs" name="information" time="3.344"/>
  <system-out/>
  <testcase classname="script.Swaglabs" name="continuecheckout" time="2.118"/>
  <system-out/>
  <testcase classname="script.Swaglabs" name="finish" time="2.098"/>
  <system-out/>
  <testcase classname="script.Swaglabs" name="backtohome" time="2.101"/>
  <system-out/>
</testsuite> <!-- script.Swaglabs -->
