<?xml version="1.0" encoding="UTF-8"?>
<!-- Generated by org.testng.reporters.JUnitReportReporter -->
<testsuite hostname="HB11536" failures="0" tests="3" name="script.Swaglabs" time="16.101" errors="0" timestamp="2022-03-30T13:31:25 EDT" skipped="0">
  <testcase classname="script.Swaglabs" name="LoginWithWrongData" time="3.303"/>
  <system-out/>
  <testcase classname="script.Swaglabs" name="LoginWithRightData" time="2.354"/>
  <system-out/>
  <testcase classname="script.Swaglabs" name="addtocart" time="10.444"/>
  <system-out/>
</testsuite> <!-- script.Swaglabs -->
